


ARM Macro Assembler    Page 1 


    1 00000000         ; LCD.s
    2 00000000         ; Student names: Ethan Blumenfeld & Norman Wang
    3 00000000         ; Last modification date: 4/1/19
    4 00000000         
    5 00000000         ; Runs on LM4F120/TM4C123
    6 00000000         ; Use SSI0 to send an 8-bit code to the ST7735 160x128 p
                       ixel LCD.
    7 00000000         
    8 00000000         ; As part of Lab 7, students need to implement these LCD
                       _WriteCommand and LCD_WriteData
    9 00000000         ; This driver assumes two low-level LCD functions
   10 00000000         
   11 00000000         ; Backlight (pin 10) connected to +3.3 V
   12 00000000         ; MISO (pin 9) unconnected
   13 00000000         ; SCK (pin 8) connected to PA2 (SSI0Clk)
   14 00000000         ; MOSI (pin 7) connected to PA5 (SSI0Tx)
   15 00000000         ; TFT_CS (pin 6) connected to PA3 (SSI0Fss)
   16 00000000         ; CARD_CS (pin 5) unconnected
   17 00000000         ; Data/Command (pin 4) connected to PA6 (GPIO)
   18 00000000         ; RESET (pin 3) connected to PA7 (GPIO)
   19 00000000         ; VCC (pin 2) connected to +3.3 V
   20 00000000         ; Gnd (pin 1) connected to ground
   21 00000000         
   22 00000000 40004100 
                       DC      EQU              0x40004100
   23 00000000 00000000 
                       DC_COMMAND
                               EQU              0
   24 00000000 00000040 
                       DC_DATA EQU              0x40
   25 00000000 40008008 
                       SSI0_DR_R
                               EQU              0x40008008
   26 00000000 4000800C 
                       SSI0_SR_R
                               EQU              0x4000800C
   27 00000000 00000004 
                       SSI_SR_RNE
                               EQU              0x00000004  ; SSI Receive FIFO 
                                                            Not Empty
   28 00000000 00000010 
                       SSI_SR_BSY
                               EQU              0x00000010  ; SSI Busy Bit
   29 00000000 00000002 
                       SSI_SR_TNF
                               EQU              0x00000002  ; SSI Transmit FIFO
                                                             Not Full
   30 00000000 400043FC 
                       PA_DATA EQU              0x400043FC
   31 00000000         
   32 00000000         
   33 00000000                 EXPORT           writecommand
   34 00000000                 EXPORT           writedata
   35 00000000         
   36 00000000                 AREA             |.text|, CODE, READONLY, ALIGN=
2
   37 00000000                 THUMB
   38 00000000                 ALIGN
   39 00000000         



ARM Macro Assembler    Page 2 


   40 00000000         ; The Data/Command pin must be valid when the eighth bit
                        is
   41 00000000         ; sent.  The SSI module has hardware input and output FI
                       FOs
   42 00000000         ; that are 8 locations deep.  Based on the observation t
                       hat
   43 00000000         ; the LCD interface tends to send a few commands and the
                       n a
   44 00000000         ; lot of data, the FIFOs are not used when writing
   45 00000000         ; commands, and they are used when writing data.  This
   46 00000000         ; ensures that the Data/Command pin status matches the b
                       yte
   47 00000000         ; that is actually being transmitted.
   48 00000000         ; The write command operation waits until all data has b
                       een
   49 00000000         ; sent, configures the Data/Command pin for commands, se
                       nds
   50 00000000         ; the command, and then waits for the transmission to
   51 00000000         ; finish.
   52 00000000         ; The write data operation waits until there is room in 
                       the
   53 00000000         ; transmit FIFO, configures the Data/Command pin for dat
                       a,
   54 00000000         ; and then adds the data to the transmit FIFO.
   55 00000000         ; NOTE: These functions will crash or stall indefinitely
                        if
   56 00000000         ; the SSI0 module is not initialized and enabled.
   57 00000000         
   58 00000000         ; This is a helper function that sends an 8-bit command 
                       to the LCD.
   59 00000000         ; Input: R0  8-bit command to transmit
   60 00000000         ; Output: none
   61 00000000         ; Assumes: SSI0 and port A have already been initialized
                        and enabled
   62 00000000         writecommand
   63 00000000         ;; --UUU-- Code to write a command to the LCD
   64 00000000         ;1) Read SSI0_SR_R and check bit 4, 
   65 00000000         ;2) If bit 4 is high, loop back to step 1 (wait for BUSY
                        bit to be low)
   66 00000000         ;3) Clear D/C=PA6 to zero
   67 00000000         ;4) Write the command to SSI0_DR_R
   68 00000000         ;5) Read SSI0_SR_R and check bit 4, 
   69 00000000         ;6) If bit 4 is high, loop back to step 5 (wait for BUSY
                        bit to be low)
   70 00000000         LOOP
   71 00000000 4910            LDR              R1,=SSI0_SR_R
   72 00000002 6809            LDR              R1,[R1]
   73 00000004 F001 0110       AND              R1, #0X10   ;1
   74 00000008 3910            SUBS             R1,#0x10
   75 0000000A D0F9            BEQ              LOOP        ;2
   76 0000000C 4A0E            LDR              R2,=DC
   77 0000000E 6813            LDR              R3, [R2]
   78 00000010 F023 0340       BIC              R3, #0x40
   79 00000014 6013            STR              R3, [R2]    ;3
   80 00000016         
   81 00000016 490D            LDR              R1, =SSI0_DR_R
   82 00000018 6008            STR              R0, [R1]    ;4
   83 0000001A         
   84 0000001A         



ARM Macro Assembler    Page 3 


   85 0000001A         LOOP2
   86 0000001A 4A0A            LDR              R2, =SSI0_SR_R
   87 0000001C 6812            LDR              R2, [R2]
   88 0000001E F002 0210       AND              R2, #0X10
   89 00000022 3A10            SUBS             R2, #0X10   ;5
   90 00000024 D0F9            BEQ              LOOP2       ;6
   91 00000026         
   92 00000026         
   93 00000026         
   94 00000026 4770            BX               LR          ;   return
   95 00000028         
   96 00000028         ; This is a helper function that sends an 8-bit data to 
                       the LCD.
   97 00000028         ; Input: R0  8-bit data to transmit
   98 00000028         ; Output: none
   99 00000028         ; Assumes: SSI0 and port A have already been initialized
                        and enabled
  100 00000028         writedata
  101 00000028         ;; --UUU-- Code to write data to the LCD
  102 00000028         ;1) Read SSI0_SR_R and check bit 1, 
  103 00000028         ;2) If bit 1 is low loop back to step 1 (wait for TNF bi
                       t to be high)
  104 00000028         ;3) Set D/C=PA6 to one
  105 00000028         ;4) Write the 8-bit data to SSI0_DR_R
  106 00000028         LOOP3
  107 00000028         
  108 00000028 4906            LDR              R1, =SSI0_SR_R
  109 0000002A 7809            LDRB             R1,[R1]
  110 0000002C F001 0101       AND              R1,#0x01    ;1
  111 00000030 2900            CMP              R1,#0x00
  112 00000032 D0F9            BEQ              LOOP3       ;2
  113 00000034 4904            LDR              R1,=DC
  114 00000036 780A            LDRB             R2,[R1]
  115 00000038 F042 0240       ORR              R2,#0x40
  116 0000003C 700A            STRB             R2,[R1]     ;3
  117 0000003E 4903            LDR              R1,=SSI0_DR_R
  118 00000040 7008            STRB             R0,[R1]     ;4
  119 00000042         
  120 00000042 4770            BX               LR          ;   return
  121 00000044         
  122 00000044                 ALIGN
  123 00000044                 END
              4000800C 
              40004100 
              40008008 
Command Line: --debug --xref --diag_suppress=9931 --cpu=Cortex-M4 --apcs=interw
ork --depend=.\lcd.d -o.\lcd.o -I.\RTE\_SpaceInvaders -IC:\Keil_v5\ARM\PACK\ARM
\CMSIS\5.4.0\CMSIS\Core\Include -IC:\Keil_v5\ARM\PACK\Keil\TM4C_DFP\1.1.0\Devic
e\Include\TM4C123 --predefine="__UVISION_VERSION SETA 526" --predefine="_RTE_ S
ETA 1" --predefine="TM4C123GH6PM SETA 1" --list=.\lcd.lst LCD.s



ARM Macro Assembler    Page 1 Alphabetic symbol ordering
Relocatable symbols

.text 00000000

Symbol: .text
   Definitions
      At line 36 in file LCD.s
   Uses
      None
Comment: .text unused
LOOP 00000000

Symbol: LOOP
   Definitions
      At line 70 in file LCD.s
   Uses
      At line 75 in file LCD.s
Comment: LOOP used once
LOOP2 0000001A

Symbol: LOOP2
   Definitions
      At line 85 in file LCD.s
   Uses
      At line 90 in file LCD.s
Comment: LOOP2 used once
LOOP3 00000028

Symbol: LOOP3
   Definitions
      At line 106 in file LCD.s
   Uses
      At line 112 in file LCD.s
Comment: LOOP3 used once
writecommand 00000000

Symbol: writecommand
   Definitions
      At line 62 in file LCD.s
   Uses
      At line 33 in file LCD.s
Comment: writecommand used once
writedata 00000028

Symbol: writedata
   Definitions
      At line 100 in file LCD.s
   Uses
      At line 34 in file LCD.s
Comment: writedata used once
6 symbols



ARM Macro Assembler    Page 1 Alphabetic symbol ordering
Absolute symbols

DC 40004100

Symbol: DC
   Definitions
      At line 22 in file LCD.s
   Uses
      At line 76 in file LCD.s
      At line 113 in file LCD.s

DC_COMMAND 00000000

Symbol: DC_COMMAND
   Definitions
      At line 23 in file LCD.s
   Uses
      None
Comment: DC_COMMAND unused
DC_DATA 00000040

Symbol: DC_DATA
   Definitions
      At line 24 in file LCD.s
   Uses
      None
Comment: DC_DATA unused
PA_DATA 400043FC

Symbol: PA_DATA
   Definitions
      At line 30 in file LCD.s
   Uses
      None
Comment: PA_DATA unused
SSI0_DR_R 40008008

Symbol: SSI0_DR_R
   Definitions
      At line 25 in file LCD.s
   Uses
      At line 81 in file LCD.s
      At line 117 in file LCD.s

SSI0_SR_R 4000800C

Symbol: SSI0_SR_R
   Definitions
      At line 26 in file LCD.s
   Uses
      At line 71 in file LCD.s
      At line 86 in file LCD.s
      At line 108 in file LCD.s

SSI_SR_BSY 00000010

Symbol: SSI_SR_BSY
   Definitions
      At line 28 in file LCD.s
   Uses
      None



ARM Macro Assembler    Page 2 Alphabetic symbol ordering
Absolute symbols

Comment: SSI_SR_BSY unused
SSI_SR_RNE 00000004

Symbol: SSI_SR_RNE
   Definitions
      At line 27 in file LCD.s
   Uses
      None
Comment: SSI_SR_RNE unused
SSI_SR_TNF 00000002

Symbol: SSI_SR_TNF
   Definitions
      At line 29 in file LCD.s
   Uses
      None
Comment: SSI_SR_TNF unused
9 symbols
350 symbols in table
